#
# There is insufficient memory for the Java Runtime Environment to continue.
# Native memory allocation (malloc) failed to allocate 689776 bytes for Chunk::new
# Possible reasons:
#   The system is out of physical RAM or swap space
#   The process is running with CompressedOops enabled, and the Java Heap may be blocking the growth of the native heap
# Possible solutions:
#   Reduce memory load on the system
#   Increase physical memory or swap space
#   Check if swap backing store is full
#   Decrease Java heap size (-Xmx/-Xms)
#   Decrease number of Java threads
#   Decrease Java thread stack sizes (-Xss)
#   Set larger code cache with -XX:ReservedCodeCacheSize=
#   JVM is running with Unscaled Compressed Oops mode in which the Java heap is
#     placed in the first 4GB address space. The Java Heap base address is the
#     maximum limit for the native heap growth. Please use -XX:HeapBaseMinAddress
#     to set the Java Heap base and to place the Java Heap above 4GB virtual address.
# This output file may be truncated or incomplete.
#
#  Out of Memory Error (arena.cpp:189), pid=15388, tid=21260
#
# JRE version: Java(TM) SE Runtime Environment (17.0.12+8) (build 17.0.12+8-LTS-286)
# Java VM: Java HotSpot(TM) 64-Bit Server VM (17.0.12+8-LTS-286, mixed mode, sharing, tiered, compressed oops, compressed class ptrs, g1 gc, windows-amd64)
# No core dump will be written. Minidumps are not enabled by default on client versions of Windows
#

---------------  S U M M A R Y ------------

Command Line: -Dclassworlds.conf=C:\Users\Rog\Desktop\Maven\apache-maven-3.9.9\bin\m2.conf -Dmaven.home=C:\Users\Rog\Desktop\Maven\apache-maven-3.9.9 -Dlibrary.jansi.path=C:\Users\Rog\Desktop\Maven\apache-maven-3.9.9\lib\jansi-native -Dmaven.multiModuleProjectDirectory=C:\Users\Rog\Desktop\Projet-geoinfo\Projet\gestion-dossier\backend\fichier org.codehaus.plexus.classworlds.launcher.Launcher spring-boot:run

Host: Intel(R) Core(TM) i5-3437U CPU @ 1.90GHz, 4 cores, 7G,  Windows 10 , 64 bit Build 19041 (10.0.19041.5915)
Time: Thu Dec 25 20:28:56 2025 Maroc (heure d64 bit Build 19041 (10.0.19041.5915) elapsed time: 21.548590 seconds (0d 0h 0m 21s)

---------------  T H R E A D  ---------------

Current thread (0x0000022275510010):  JavaThread "C2 CompilerThread1" daemon [_thread_in_native, id=21260, stack(0x0000006b30e00000,0x0000006b30f00000)]


Current CompileTask:
C2:  21549 7453       4       com.sun.tools.javac.comp.Attr::checkIdInternal (788 bytes)

Stack: [0x0000006b30e00000,0x0000006b30f00000]
Native frames: (J=compiled Java code, j=interpreted, Vv=VM code, C=native code)
V  [jvm.dll+0x67a04a]
V  [jvm.dll+0x7da4ed]
V  [jvm.dll+0x7dbe33]
V  [jvm.dll+0x7dc4a3]
V  [jvm.dll+0x24508f]
V  [jvm.dll+0xab773]
V  [jvm.dll+0xabd3c]
V  [jvm.dll+0x361b9f]
V  [jvm.dll+0x32c431]
V  [jvm.dll+0x32b8ca]
V  [jvm.dll+0x21683f]
V  [jvm.dll+0x215c6f]
V  [jvm.dll+0x1a2960]
V  [jvm.dll+0x22610b]
V  [jvm.dll+0x2242ab]
V  [jvm.dll+0x79075c]
V  [jvm.dll+0x78abea]
V  [jvm.dll+0x678f35]
C  [ucrtbase.dll+0x21bb2]
C  [KERNEL32.DLL+0x17374]
C  [ntdll.dll+0x4cc91]


---------------  P R O C E S S  ---------------

Threads class SMR info:
_java_thread_list=0x00000222746186e0, length=14, elements={
0x000002224e58e000, 0x000002226dee1c80, 0x000002226dee2f10, 0x000002226def9760,
0x000002226defa120, 0x000002226defaae0, 0x000002226defb4a0, 0x000002226deff690,
0x000002226df20150, 0x000002226df22b60, 0x0000022272233540, 0x000002227223c900,
0x0000022272f14670, 0x0000022275510010
}

Java Threads: ( => current thread )
  0x000002224e58e000 JavaThread "main" [_thread_in_Java, id=8932, stack(0x0000006b2f600000,0x0000006b2f700000)]
  0x000002226dee1c80 JavaThread "Reference Handler" daemon [_thread_blocked, id=10892, stack(0x0000006b2fd00000,0x0000006b2fe00000)]
  0x000002226dee2f10 JavaThread "Finalizer" daemon [_thread_blocked, id=4152, stack(0x0000006b2fe00000,0x0000006b2ff00000)]
  0x000002226def9760 JavaThread "Signal Dispatcher" daemon [_thread_blocked, id=17920, stack(0x0000006b30000000,0x0000006b30100000)]
  0x000002226defa120 JavaThread "Attach Listener" daemon [_thread_blocked, id=12632, stack(0x0000006b30100000,0x0000006b30200000)]
  0x000002226defaae0 JavaThread "Service Thread" daemon [_thread_blocked, id=12280, stack(0x0000006b30200000,0x0000006b30300000)]
  0x000002226defb4a0 JavaThread "Monitor Deflation Thread" daemon [_thread_blocked, id=18736, stack(0x0000006b30300000,0x0000006b30400000)]
  0x000002226deff690 JavaThread "C2 CompilerThread0" daemon [_thread_in_native, id=5788, stack(0x0000006b30400000,0x0000006b30500000)]
  0x000002226df20150 JavaThread "C1 CompilerThread0" daemon [_thread_in_vm, id=1328, stack(0x0000006b30500000,0x0000006b30600000)]
  0x000002226df22b60 JavaThread "Sweeper thread" daemon [_thread_blocked, id=16172, stack(0x0000006b30600000,0x0000006b30700000)]
  0x0000022272233540 JavaThread "Notification Thread" daemon [_thread_blocked, id=8308, stack(0x0000006b30700000,0x0000006b30800000)]
  0x000002227223c900 JavaThread "Common-Cleaner" daemon [_thread_blocked, id=14776, stack(0x0000006b30900000,0x0000006b30a00000)]
  0x0000022272f14670 JavaThread "Thread-1" daemon [_thread_blocked, id=8372, stack(0x0000006b30f00000,0x0000006b31000000)]
=>0x0000022275510010 JavaThread "C2 CompilerThread1" daemon [_thread_in_native, id=21260, stack(0x0000006b30e00000,0x0000006b30f00000)]

Other Threads:
  0x000002226ded9020 VMThread "VM Thread" [stack: 0x0000006b2fc00000,0x0000006b2fd00000] [id=13184]
  0x0000022272239e50 WatcherThread [stack: 0x0000006b30800000,0x0000006b30900000] [id=11548]
  0x00000222506d3390 GCTaskThread "GC Thread#0" [stack: 0x0000006b2f700000,0x0000006b2f800000] [id=10320]
  0x0000022272b34140 GCTaskThread "GC Thread#1" [stack: 0x0000006b30a00000,0x0000006b30b00000] [id=12540]
  0x0000022272b34400 GCTaskThread "GC Thread#2" [stack: 0x0000006b30b00000,0x0000006b30c00000] [id=11748]
  0x0000022272669bd0 GCTaskThread "GC Thread#3" [stack: 0x0000006b30c00000,0x0000006b30d00000] [id=20988]
  0x00000222506e3ee0 ConcurrentGCThread "G1 Main Marker" [stack: 0x0000006b2f800000,0x0000006b2f900000] [id=4060]
  0x00000222506e5090 ConcurrentGCThread "G1 Conc#0" [stack: 0x0000006b2f900000,0x0000006b2fa00000] [id=1004]
  0x000002225074d880 ConcurrentGCThread "G1 Refine#0" [stack: 0x0000006b2fa00000,0x0000006b2fb00000] [id=13024]
  0x0000022272d30080 ConcurrentGCThread "G1 Refine#1" [stack: 0x0000006b30d00000,0x0000006b30e00000] [id=19224]
  0x000002225074e2b0 ConcurrentGCThread "G1 Service" [stack: 0x0000006b2fb00000,0x0000006b2fc00000] [id=21192]

Threads with active compile tasks:
C2 CompilerThread0    21598 7522       4       com.sun.tools.javac.comp.Attr::visitIdent (582 bytes)
C2 CompilerThread1    21598 7453       4       com.sun.tools.javac.comp.Attr::checkIdInternal (788 bytes)

VM state: not at safepoint (normal execution)

VM Mutex/Monitor currently owned by a thread: None

Heap address: 0x0000000082000000, size: 2016 MB, Compressed Oops mode: 32-bit

CDS archive(s) mapped at: [0x0000022200000000-0x0000022200bd0000-0x0000022200bd0000), size 12386304, SharedBaseAddress: 0x0000022200000000, ArchiveRelocationMode: 1.
Compressed class space mapped at: 0x0000022201000000-0x0000022241000000, reserved size: 1073741824
Narrow klass base: 0x0000022200000000, Narrow klass shift: 0, Narrow klass range: 0x100000000

GC Precious Log:
 CPUs: 4 total, 4 available
 Memory: 8063M
 Large Page Support: Disabled
 NUMA Support: Disabled
 Compressed Oops: Enabled (32-bit)
 Heap Region Size: 1M
 Heap Min Capacity: 8M
 Heap Initial Capacity: 126M
 Heap Max Capacity: 2016M
 Pre-touch: Disabled
 Parallel Workers: 4
 Concurrent Workers: 1
 Concurrent Refinement Workers: 4
 Periodic GC: Disabled

Heap:
 garbage-first heap   total 132096K, used 44412K [0x0000000082000000, 0x0000000100000000)
  region size 1024K, 7 young (7168K), 5 survivors (5120K)
 Metaspace       used 30436K, committed 30720K, reserved 1114112K
  class space    used 3505K, committed 3648K, reserved 1048576K

Heap Regions: E=young(eden), S=young(survivor), O=old, HS=humongous(starts), HC=humongous(continues), CS=collection set, F=free, OA=open archive, CA=closed archive, TAMS=top-at-mark-start (previous, next)
|   0|0x0000000082000000, 0x0000000082100000, 0x0000000082100000|100%| O|  |TAMS 0x0000000082100000, 0x0000000082000000| Untracked 
|   1|0x0000000082100000, 0x0000000082200000, 0x0000000082200000|100%| O|  |TAMS 0x0000000082200000, 0x0000000082100000| Untracked 
|   2|0x0000000082200000, 0x0000000082300000, 0x0000000082300000|100%| O|  |TAMS 0x0000000082300000, 0x0000000082200000| Untracked 
|   3|0x0000000082300000, 0x0000000082400000, 0x0000000082400000|100%| O|  |TAMS 0x0000000082400000, 0x0000000082300000| Untracked 
|   4|0x0000000082400000, 0x0000000082500000, 0x0000000082500000|100%|HS|  |TAMS 0x0000000082500000, 0x0000000082400000| Complete 
|   5|0x0000000082500000, 0x0000000082600000, 0x0000000082600000|100%| O|  |TAMS 0x0000000082600000, 0x0000000082500000| Untracked 
|   6|0x0000000082600000, 0x0000000082700000, 0x0000000082700000|100%| O|  |TAMS 0x0000000082700000, 0x0000000082600000| Untracked 
|   7|0x0000000082700000, 0x0000000082800000, 0x0000000082800000|100%| O|  |TAMS 0x0000000082800000, 0x0000000082700000| Untracked 
|   8|0x0000000082800000, 0x0000000082900000, 0x0000000082900000|100%| O|  |TAMS 0x0000000082900000, 0x0000000082800000| Untracked 
|   9|0x0000000082900000, 0x0000000082a00000, 0x0000000082a00000|100%| O|  |TAMS 0x0000000082a00000, 0x0000000082900000| Untracked 
|  10|0x0000000082a00000, 0x0000000082b00000, 0x0000000082b00000|100%| O|  |TAMS 0x0000000082b00000, 0x0000000082a00000| Untracked 
|  11|0x0000000082b00000, 0x0000000082c00000, 0x0000000082c00000|100%| O|  |TAMS 0x0000000082c00000, 0x0000000082b00000| Untracked 
|  12|0x0000000082c00000, 0x0000000082d00000, 0x0000000082d00000|100%| O|  |TAMS 0x0000000082d00000, 0x0000000082c00000| Untracked 
|  13|0x0000000082d00000, 0x0000000082e00000, 0x0000000082e00000|100%| O|  |TAMS 0x0000000082e00000, 0x0000000082d00000| Untracked 
|  14|0x0000000082e00000, 0x0000000082f00000, 0x0000000082f00000|100%| O|  |TAMS 0x0000000082f00000, 0x0000000082e00000| Untracked 
|  15|0x0000000082f00000, 0x0000000083000000, 0x0000000083000000|100%| O|  |TAMS 0x0000000083000000, 0x0000000082f00000| Untracked 
|  16|0x0000000083000000, 0x0000000083100000, 0x0000000083100000|100%| O|  |TAMS 0x0000000083100000, 0x0000000083000000| Untracked 
|  17|0x0000000083100000, 0x0000000083200000, 0x0000000083200000|100%| O|  |TAMS 0x0000000083200000, 0x0000000083100000| Untracked 
|  18|0x0000000083200000, 0x0000000083300000, 0x0000000083300000|100%| O|  |TAMS 0x0000000083300000, 0x0000000083200000| Untracked 
|  19|0x0000000083300000, 0x0000000083400000, 0x0000000083400000|100%| O|  |TAMS 0x0000000083400000, 0x0000000083300000| Untracked 
|  20|0x0000000083400000, 0x0000000083500000, 0x0000000083500000|100%| O|  |TAMS 0x0000000083500000, 0x0000000083400000| Untracked 
|  21|0x0000000083500000, 0x0000000083600000, 0x0000000083600000|100%| O|  |TAMS 0x0000000083600000, 0x0000000083500000| Untracked 
|  22|0x0000000083600000, 0x0000000083700000, 0x0000000083700000|100%| O|  |TAMS 0x0000000083700000, 0x0000000083600000| Untracked 
|  23|0x0000000083700000, 0x0000000083800000, 0x0000000083800000|100%| O|  |TAMS 0x0000000083800000, 0x0000000083700000| Untracked 
|  24|0x0000000083800000, 0x0000000083900000, 0x0000000083900000|100%| O|  |TAMS 0x0000000083900000, 0x0000000083800000| Untracked 
|  25|0x0000000083900000, 0x0000000083a00000, 0x0000000083a00000|100%| O|  |TAMS 0x0000000083938000, 0x0000000083900000| Untracked 
|  26|0x0000000083a00000, 0x0000000083b00000, 0x0000000083b00000|100%| O|  |TAMS 0x0000000083a00000, 0x0000000083a00000| Untracked 
|  27|0x0000000083b00000, 0x0000000083c00000, 0x0000000083c00000|100%| O|  |TAMS 0x0000000083b00000, 0x0000000083b00000| Untracked 
|  28|0x0000000083c00000, 0x0000000083d00000, 0x0000000083d00000|100%| O|  |TAMS 0x0000000083d00000, 0x0000000083c00000| Untracked 
|  29|0x0000000083d00000, 0x0000000083d33a00, 0x0000000083e00000| 20%| O|  |TAMS 0x0000000083d00000, 0x0000000083d00000| Untracked 
|  30|0x0000000083e00000, 0x0000000083e00000, 0x0000000083f00000|  0%| F|  |TAMS 0x0000000083e00000, 0x0000000083e00000| Untracked 
|  31|0x0000000083f00000, 0x0000000083f00000, 0x0000000084000000|  0%| F|  |TAMS 0x0000000083f00000, 0x0000000083f00000| Untracked 
|  32|0x0000000084000000, 0x0000000084000000, 0x0000000084100000|  0%| F|  |TAMS 0x0000000084000000, 0x0000000084000000| Untracked 
|  33|0x0000000084100000, 0x0000000084100000, 0x0000000084200000|  0%| F|  |TAMS 0x0000000084100000, 0x0000000084100000| Untracked 
|  34|0x0000000084200000, 0x0000000084200000, 0x0000000084300000|  0%| F|  |TAMS 0x0000000084200000, 0x0000000084200000| Untracked 
|  35|0x0000000084300000, 0x0000000084300000, 0x0000000084400000|  0%| F|  |TAMS 0x0000000084300000, 0x0000000084300000| Untracked 
|  36|0x0000000084400000, 0x0000000084400000, 0x0000000084500000|  0%| F|  |TAMS 0x0000000084400000, 0x0000000084400000| Untracked 
|  37|0x0000000084500000, 0x0000000084500000, 0x0000000084600000|  0%| F|  |TAMS 0x0000000084500000, 0x0000000084500000| Untracked 
|  38|0x0000000084600000, 0x0000000084700000, 0x0000000084700000|100%|HS|  |TAMS 0x0000000084700000, 0x0000000084600000| Complete 
|  39|0x0000000084700000, 0x0000000084800000, 0x0000000084800000|100%|HC|  |TAMS 0x0000000084800000, 0x0000000084700000| Complete 
|  40|0x0000000084800000, 0x0000000084900000, 0x0000000084900000|100%| O|  |TAMS 0x0000000084900000, 0x0000000084800000| Untracked 
|  41|0x0000000084900000, 0x0000000084900000, 0x0000000084a00000|  0%| F|  |TAMS 0x0000000084900000, 0x0000000084900000| Untracked 
|  42|0x0000000084a00000, 0x0000000084a00000, 0x0000000084b00000|  0%| F|  |TAMS 0x0000000084a00000, 0x0000000084a00000| Untracked 
|  43|0x0000000084b00000, 0x0000000084b00000, 0x0000000084c00000|  0%| F|  |TAMS 0x0000000084b00000, 0x0000000084b00000| Untracked 
|  44|0x0000000084c00000, 0x0000000084c00000, 0x0000000084d00000|  0%| F|  |TAMS 0x0000000084c00000, 0x0000000084c00000| Untracked 
|  45|0x0000000084d00000, 0x0000000084d00000, 0x0000000084e00000|  0%| F|  |TAMS 0x0000000084d00000, 0x0000000084d00000| Untracked 
|  46|0x0000000084e00000, 0x0000000084e00000, 0x0000000084f00000|  0%| F|  |TAMS 0x0000000084e00000, 0x0000000084e00000| Untracked 
|  47|0x0000000084f00000, 0x0000000084f00000, 0x0000000085000000|  0%| F|  |TAMS 0x0000000084f00000, 0x0000000084f00000| Untracked 
|  48|0x0000000085000000, 0x0000000085000000, 0x0000000085100000|  0%| F|  |TAMS 0x0000000085000000, 0x0000000085000000| Untracked 
|  49|0x0000000085100000, 0x0000000085100000, 0x0000000085200000|  0%| F|  |TAMS 0x0000000085100000, 0x0000000085100000| Untracked 
|  50|0x0000000085200000, 0x0000000085200000, 0x0000000085300000|  0%| F|  |TAMS 0x0000000085200000, 0x0000000085200000| Untracked 
|  51|0x0000000085300000, 0x0000000085400000, 0x0000000085400000|100%| O|  |TAMS 0x0000000085400000, 0x0000000085300000| Untracked 
|  52|0x0000000085400000, 0x0000000085500000, 0x0000000085500000|100%| O|  |TAMS 0x0000000085500000, 0x0000000085400000| Untracked 
|  53|0x0000000085500000, 0x0000000085600000, 0x0000000085600000|100%| O|  |TAMS 0x0000000085600000, 0x0000000085500000| Untracked 
|  54|0x0000000085600000, 0x0000000085700000, 0x0000000085700000|100%| O|  |TAMS 0x0000000085700000, 0x0000000085600000| Untracked 
|  55|0x0000000085700000, 0x0000000085800000, 0x0000000085800000|100%| O|  |TAMS 0x0000000085800000, 0x0000000085700000| Untracked 
|  56|0x0000000085800000, 0x0000000085900000, 0x0000000085900000|100%| O|  |TAMS 0x0000000085900000, 0x0000000085800000| Untracked 
|  57|0x0000000085900000, 0x0000000085900000, 0x0000000085a00000|  0%| F|  |TAMS 0x0000000085900000, 0x0000000085900000| Untracked 
|  58|0x0000000085a00000, 0x0000000085a00000, 0x0000000085b00000|  0%| F|  |TAMS 0x0000000085a00000, 0x0000000085a00000| Untracked 
|  59|0x0000000085b00000, 0x0000000085b00000, 0x0000000085c00000|  0%| F|  |TAMS 0x0000000085b00000, 0x0000000085b00000| Untracked 
|  60|0x0000000085c00000, 0x0000000085c00000, 0x0000000085d00000|  0%| F|  |TAMS 0x0000000085c00000, 0x0000000085c00000| Untracked 
|  61|0x0000000085d00000, 0x0000000085d00000, 0x0000000085e00000|  0%| F|  |TAMS 0x0000000085d00000, 0x0000000085d00000| Untracked 
|  62|0x0000000085e00000, 0x0000000085e00000, 0x0000000085f00000|  0%| F|  |TAMS 0x0000000085e00000, 0x0000000085e00000| Untracked 
|  63|0x0000000085f00000, 0x0000000085f00000, 0x0000000086000000|  0%| F|  |TAMS 0x0000000085f00000, 0x0000000085f00000| Untracked 
|  64|0x0000000086000000, 0x0000000086000000, 0x0000000086100000|  0%| F|  |TAMS 0x0000000086000000, 0x0000000086000000| Untracked 
|  65|0x0000000086100000, 0x0000000086100000, 0x0000000086200000|  0%| F|  |TAMS 0x0000000086100000, 0x0000000086100000| Untracked 
|  66|0x0000000086200000, 0x0000000086200000, 0x0000000086300000|  0%| F|  |TAMS 0x0000000086200000, 0x0000000086200000| Untracked 
|  67|0x0000000086300000, 0x0000000086300000, 0x0000000086400000|  0%| F|  |TAMS 0x0000000086300000, 0x0000000086300000| Untracked 
|  68|0x0000000086400000, 0x0000000086400000, 0x0000000086500000|  0%| F|  |TAMS 0x0000000086400000, 0x0000000086400000| Untracked 
|  69|0x0000000086500000, 0x0000000086500000, 0x0000000086600000|  0%| F|  |TAMS 0x0000000086500000, 0x0000000086500000| Untracked 
|  70|0x0000000086600000, 0x0000000086600000, 0x0000000086700000|  0%| F|  |TAMS 0x0000000086600000, 0x0000000086600000| Untracked 
|  71|0x0000000086700000, 0x0000000086700000, 0x0000000086800000|  0%| F|  |TAMS 0x0000000086700000, 0x0000000086700000| Untracked 
|  72|0x0000000086800000, 0x0000000086800000, 0x0000000086900000|  0%| F|  |TAMS 0x0000000086800000, 0x0000000086800000| Untracked 
|  73|0x0000000086900000, 0x0000000086900000, 0x0000000086a00000|  0%| F|  |TAMS 0x0000000086900000, 0x0000000086900000| Untracked 
|  74|0x0000000086a00000, 0x0000000086a2b7a8, 0x0000000086b00000| 16%| S|CS|TAMS 0x0000000086a00000, 0x0000000086a00000| Complete 
|  75|0x0000000086b00000, 0x0000000086c00000, 0x0000000086c00000|100%| S|CS|TAMS 0x0000000086b00000, 0x0000000086b00000| Complete 
|  76|0x0000000086c00000, 0x0000000086d00000, 0x0000000086d00000|100%| S|CS|TAMS 0x0000000086c00000, 0x0000000086c00000| Complete 
|  77|0x0000000086d00000, 0x0000000086e00000, 0x0000000086e00000|100%| S|CS|TAMS 0x0000000086d00000, 0x0000000086d00000| Complete 
|  78|0x0000000086e00000, 0x0000000086f00000, 0x0000000086f00000|100%| S|CS|TAMS 0x0000000086e00000, 0x0000000086e00000| Complete 
|  79|0x0000000086f00000, 0x0000000086f00000, 0x0000000087000000|  0%| F|  |TAMS 0x0000000086f00000, 0x0000000086f00000| Untracked 
|  80|0x0000000087000000, 0x0000000087000000, 0x0000000087100000|  0%| F|  |TAMS 0x0000000087000000, 0x0000000087000000| Untracked 
|  81|0x0000000087100000, 0x0000000087100000, 0x0000000087200000|  0%| F|  |TAMS 0x0000000087100000, 0x0000000087100000| Untracked 
|  82|0x0000000087200000, 0x0000000087200000, 0x0000000087300000|  0%| F|  |TAMS 0x0000000087200000, 0x0000000087200000| Untracked 
|  83|0x0000000087300000, 0x0000000087300000, 0x0000000087400000|  0%| F|  |TAMS 0x0000000087300000, 0x0000000087300000| Untracked 
|  84|0x0000000087400000, 0x0000000087400000, 0x0000000087500000|  0%| F|  |TAMS 0x0000000087400000, 0x0000000087400000| Untracked 
|  85|0x0000000087500000, 0x0000000087500000, 0x0000000087600000|  0%| F|  |TAMS 0x0000000087500000, 0x0000000087500000| Untracked 
|  86|0x0000000087600000, 0x0000000087600000, 0x0000000087700000|  0%| F|  |TAMS 0x0000000087600000, 0x0000000087600000| Untracked 
|  87|0x0000000087700000, 0x0000000087700000, 0x0000000087800000|  0%| F|  |TAMS 0x0000000087700000, 0x0000000087700000| Untracked 
|  88|0x0000000087800000, 0x0000000087800000, 0x0000000087900000|  0%| F|  |TAMS 0x0000000087800000, 0x0000000087800000| Untracked 
|  89|0x0000000087900000, 0x0000000087900000, 0x0000000087a00000|  0%| F|  |TAMS 0x0000000087900000, 0x0000000087900000| Untracked 
|  90|0x0000000087a00000, 0x0000000087a00000, 0x0000000087b00000|  0%| F|  |TAMS 0x0000000087a00000, 0x0000000087a00000| Untracked 
|  91|0x0000000087b00000, 0x0000000087b00000, 0x0000000087c00000|  0%| F|  |TAMS 0x0000000087b00000, 0x0000000087b00000| Untracked 
|  92|0x0000000087c00000, 0x0000000087c00000, 0x0000000087d00000|  0%| F|  |TAMS 0x0000000087c00000, 0x0000000087c00000| Untracked 
|  93|0x0000000087d00000, 0x0000000087d00000, 0x0000000087e00000|  0%| F|  |TAMS 0x0000000087d00000, 0x0000000087d00000| Untracked 
|  94|0x0000000087e00000, 0x0000000087e00000, 0x0000000087f00000|  0%| F|  |TAMS 0x0000000087e00000, 0x0000000087e00000| Untracked 
|  95|0x0000000087f00000, 0x0000000087f00000, 0x0000000088000000|  0%| F|  |TAMS 0x0000000087f00000, 0x0000000087f00000| Untracked 
|  96|0x0000000088000000, 0x0000000088000000, 0x0000000088100000|  0%| F|  |TAMS 0x0000000088000000, 0x0000000088000000| Untracked 
|  97|0x0000000088100000, 0x0000000088100000, 0x0000000088200000|  0%| F|  |TAMS 0x0000000088100000, 0x0000000088100000| Untracked 
|  98|0x0000000088200000, 0x0000000088200000, 0x0000000088300000|  0%| F|  |TAMS 0x0000000088200000, 0x0000000088200000| Untracked 
|  99|0x0000000088300000, 0x0000000088300000, 0x0000000088400000|  0%| F|  |TAMS 0x0000000088300000, 0x0000000088300000| Untracked 
| 100|0x0000000088400000, 0x0000000088400000, 0x0000000088500000|  0%| F|  |TAMS 0x0000000088400000, 0x0000000088400000| Untracked 
| 101|0x0000000088500000, 0x0000000088500000, 0x0000000088600000|  0%| F|  |TAMS 0x0000000088500000, 0x0000000088500000| Untracked 
| 102|0x0000000088600000, 0x0000000088600000, 0x0000000088700000|  0%| F|  |TAMS 0x0000000088600000, 0x0000000088600000| Untracked 
| 103|0x0000000088700000, 0x0000000088700000, 0x0000000088800000|  0%| F|  |TAMS 0x0000000088700000, 0x0000000088700000| Untracked 
| 104|0x0000000088800000, 0x0000000088800000, 0x0000000088900000|  0%| F|  |TAMS 0x0000000088800000, 0x0000000088800000| Untracked 
| 105|0x0000000088900000, 0x0000000088900000, 0x0000000088a00000|  0%| F|  |TAMS 0x0000000088900000, 0x0000000088900000| Untracked 
| 106|0x0000000088a00000, 0x0000000088a00000, 0x0000000088b00000|  0%| F|  |TAMS 0x0000000088a00000, 0x0000000088a00000| Untracked 
| 107|0x0000000088b00000, 0x0000000088b00000, 0x0000000088c00000|  0%| F|  |TAMS 0x0000000088b00000, 0x0000000088b00000| Untracked 
| 108|0x0000000088c00000, 0x0000000088c00000, 0x0000000088d00000|  0%| F|  |TAMS 0x0000000088c00000, 0x0000000088c00000| Untracked 
| 109|0x0000000088d00000, 0x0000000088d00000, 0x0000000088e00000|  0%| F|  |TAMS 0x0000000088d00000, 0x0000000088d00000| Untracked 
| 110|0x0000000088e00000, 0x0000000088e00000, 0x0000000088f00000|  0%| F|  |TAMS 0x0000000088e00000, 0x0000000088e00000| Untracked 
| 111|0x0000000088f00000, 0x0000000088f00000, 0x0000000089000000|  0%| F|  |TAMS 0x0000000088f00000, 0x0000000088f00000| Untracked 
| 112|0x0000000089000000, 0x0000000089000000, 0x0000000089100000|  0%| F|  |TAMS 0x0000000089000000, 0x0000000089000000| Untracked 
| 113|0x0000000089100000, 0x0000000089100000, 0x0000000089200000|  0%| F|  |TAMS 0x0000000089100000, 0x0000000089100000| Untracked 
| 114|0x0000000089200000, 0x0000000089200000, 0x0000000089300000|  0%| F|  |TAMS 0x0000000089200000, 0x0000000089200000| Untracked 
| 115|0x0000000089300000, 0x0000000089300000, 0x0000000089400000|  0%| F|  |TAMS 0x0000000089300000, 0x0000000089300000| Untracked 
| 116|0x0000000089400000, 0x0000000089400000, 0x0000000089500000|  0%| F|  |TAMS 0x0000000089400000, 0x0000000089400000| Untracked 
| 117|0x0000000089500000, 0x0000000089500000, 0x0000000089600000|  0%| F|  |TAMS 0x0000000089500000, 0x0000000089500000| Untracked 
| 118|0x0000000089600000, 0x0000000089600000, 0x0000000089700000|  0%| F|  |TAMS 0x0000000089600000, 0x0000000089600000| Untracked 
| 119|0x0000000089700000, 0x0000000089700000, 0x0000000089800000|  0%| F|  |TAMS 0x0000000089700000, 0x0000000089700000| Untracked 
| 120|0x0000000089800000, 0x0000000089800000, 0x0000000089900000|  0%| F|  |TAMS 0x0000000089800000, 0x0000000089800000| Untracked 
| 121|0x0000000089900000, 0x0000000089900000, 0x0000000089a00000|  0%| F|  |TAMS 0x0000000089900000, 0x0000000089900000| Untracked 
| 122|0x0000000089a00000, 0x0000000089a00000, 0x0000000089b00000|  0%| F|  |TAMS 0x0000000089a00000, 0x0000000089a00000| Untracked 
| 123|0x0000000089b00000, 0x0000000089b00000, 0x0000000089c00000|  0%| F|  |TAMS 0x0000000089b00000, 0x0000000089b00000| Untracked 
| 124|0x0000000089c00000, 0x0000000089c00000, 0x0000000089d00000|  0%| F|  |TAMS 0x0000000089c00000, 0x0000000089c00000| Untracked 
| 125|0x0000000089d00000, 0x0000000089d00000, 0x0000000089e00000|  0%| F|  |TAMS 0x0000000089d00000, 0x0000000089d00000| Untracked 
| 126|0x0000000089e00000, 0x0000000089e00000, 0x0000000089f00000|  0%| F|  |TAMS 0x0000000089e00000, 0x0000000089e00000| Untracked 
| 127|0x0000000089f00000, 0x0000000089f80800, 0x000000008a000000| 50%| E|  |TAMS 0x0000000089f00000, 0x0000000089f00000| Complete 
| 128|0x000000008a000000, 0x000000008a100000, 0x000000008a100000|100%| E|CS|TAMS 0x000000008a000000, 0x000000008a000000| Complete 

Card table byte_map: [0x0000022267330000,0x0000022267720000] _byte_map_base: 0x0000022266f20000

Marking Bits (Prev, Next): (CMBitMap*) 0x00000222506d39f0, (CMBitMap*) 0x00000222506d39b0
 Prev Bits: [0x0000022269a90000, 0x000002226ba10000)
 Next Bits: [0x0000022267b10000, 0x0000022269a90000)

Polling page: 0x000002224e690000

Metaspace:

Usage:
  Non-class:     26.31 MB used.
      Class:      3.42 MB used.
       Both:     29.73 MB used.

Virtual space:
  Non-class space:       64.00 MB reserved,      26.44 MB ( 41%) committed,  1 nodes.
      Class space:        1.00 GB reserved,       3.56 MB ( <1%) committed,  1 nodes.
             Both:        1.06 GB reserved,      30.00 MB (  3%) committed. 

Chunk freelists:
   Non-Class:  4.95 MB
       Class:  12.41 MB
        Both:  17.36 MB

MaxMetaspaceSize: unlimited
CompressedClassSpaceSize: 1.00 GB
Initial GC threshold: 21.00 MB
Current GC threshold: 45.12 MB
CDS: on
MetaspaceReclaimPolicy: balanced
 - commit_granule_bytes: 65536.
 - commit_granule_words: 8192.
 - virtual_space_node_default_size: 8388608.
 - enlarge_chunks_in_place: 1.
 - new_chunks_are_fully_committed: 0.
 - uncommit_free_chunks: 1.
 - use_allocation_guard: 0.
 - handle_deallocations: 1.


Internal statistics:

num_allocs_failed_limit: 6.
num_arena_births: 266.
num_arena_deaths: 0.
num_vsnodes_births: 2.
num_vsnodes_deaths: 0.
num_space_committed: 480.
num_space_uncommitted: 0.
num_chunks_returned_to_freelist: 6.
num_chunks_taken_from_freelist: 1421.
num_chunk_merges: 0.
num_chunk_splits: 958.
num_chunks_enlarged: 711.
num_inconsistent_stats: 0.

CodeHeap 'non-profiled nmethods': size=120000Kb used=4203Kb max_used=4203Kb free=115797Kb
 bounds [0x000002225fa10000, 0x000002225fe30000, 0x0000022266f40000]
CodeHeap 'profiled nmethods': size=120000Kb used=14750Kb max_used=14750Kb free=105249Kb
 bounds [0x0000022257f40000, 0x0000022258db0000, 0x000002225f470000]
CodeHeap 'non-nmethods': size=5760Kb used=1217Kb max_used=1287Kb free=4542Kb
 bounds [0x000002225f470000, 0x000002225f6e0000, 0x000002225fa10000]
 total_blobs=7198 nmethods=6676 adapters=434
 compilation: enabled
              stopped_count=0, restarted_count=0
 full_count=0

Compilation events (20 events):
Event: 21.505 Thread 0x000002226deff690 nmethod 7511 0x000002225fe27d10 code [0x000002225fe27e80, 0x000002225fe27f18]
Event: 21.506 Thread 0x000002226df20150 nmethod 7509 0x0000022258d7cf10 code [0x0000022258d7d200, 0x0000022258d7e6a8]
Event: 21.508 Thread 0x000002226deff690 7512       4       com.sun.tools.javac.comp.Check::checkPreview (154 bytes)
Event: 21.509 Thread 0x000002226df20150 7513       3       com.sun.tools.javac.tree.JCTree::getTree (2 bytes)
Event: 21.509 Thread 0x000002226df20150 nmethod 7513 0x0000022258d7ed90 code [0x0000022258d7ef20, 0x0000022258d7f038]
Event: 21.510 Thread 0x000002226deff690 nmethod 7512 0x000002225fe28010 code [0x000002225fe281a0, 0x000002225fe28298]
Event: 21.510 Thread 0x000002226df20150 7514       3       com.sun.tools.javac.comp.Resolve$BasicLookupHelper::lookup (38 bytes)
Event: 21.511 Thread 0x000002226df20150 nmethod 7514 0x0000022258d7f110 code [0x0000022258d7f2e0, 0x0000022258d7f788]
Event: 21.511 Thread 0x000002226df20150 7515       3       com.sun.tools.javac.code.Symbol$TypeSymbol::precedes (132 bytes)
Event: 21.511 Thread 0x000002226deff690 7516       4       com.sun.tools.javac.comp.Check::checkProfile (40 bytes)
Event: 21.512 Thread 0x000002226deff690 nmethod 7516 0x000002225fe28390 code [0x000002225fe28500, 0x000002225fe28598]
Event: 21.513 Thread 0x000002226deff690 7518   !   4       com.sun.tools.javac.jvm.ClassReader$AttributeReader::accepts (214 bytes)
Event: 21.513 Thread 0x000002226df20150 nmethod 7515 0x0000022258d7f910 code [0x0000022258d7fbe0, 0x0000022258d80d18]
Event: 21.513 Thread 0x000002226df20150 7517       3       com.sun.tools.javac.jvm.ClassReader::sigToTypeParams (111 bytes)
Event: 21.514 Thread 0x000002226df20150 nmethod 7517 0x0000022258d81190 code [0x0000022258d813c0, 0x0000022258d81c08]
Event: 21.514 Thread 0x000002226df20150 7520       3       com.sun.tools.javac.code.Attribute$Constant::accept (8 bytes)
Event: 21.515 Thread 0x000002226df20150 nmethod 7520 0x0000022258d81f90 code [0x0000022258d82140, 0x0000022258d82328]
Event: 21.515 Thread 0x000002226df20150 7521       3       com.sun.tools.javac.jvm.PoolReader::resolve (344 bytes)
Event: 21.516 Thread 0x000002226deff690 nmethod 7518 0x000002225fe28690 code [0x000002225fe28820, 0x000002225fe28998]
Event: 21.516 Thread 0x000002226deff690 7519       4       com.sun.tools.javac.jvm.ClassReader::validateMethodType (61 bytes)

GC Heap History (20 events):
Event: 6.643 GC heap before
{Heap before GC invocations=3 (full 0):
 garbage-first heap   total 129024K, used 79043K [0x0000000082000000, 0x0000000100000000)
  region size 1024K, 75 young (76800K), 3 survivors (3072K)
 Metaspace       used 15709K, committed 15936K, reserved 1114112K
  class space    used 1864K, committed 1920K, reserved 1048576K
}
Event: 6.664 GC heap after
{Heap after GC invocations=4 (full 0):
 garbage-first heap   total 129024K, used 12973K [0x0000000082000000, 0x0000000100000000)
  region size 1024K, 10 young (10240K), 10 survivors (10240K)
 Metaspace       used 15709K, committed 15936K, reserved 1114112K
  class space    used 1864K, committed 1920K, reserved 1048576K
}
Event: 10.010 GC heap before
{Heap before GC invocations=4 (full 0):
 garbage-first heap   total 129024K, used 110253K [0x0000000082000000, 0x0000000100000000)
  region size 1024K, 70 young (71680K), 10 survivors (10240K)
 Metaspace       used 19973K, committed 20288K, reserved 1114112K
  class space    used 2324K, committed 2496K, reserved 1048576K
}
Event: 10.034 GC heap after
{Heap after GC invocations=5 (full 0):
 garbage-first heap   total 129024K, used 21189K [0x0000000082000000, 0x0000000100000000)
  region size 1024K, 5 young (5120K), 5 survivors (5120K)
 Metaspace       used 19973K, committed 20288K, reserved 1114112K
  class space    used 2324K, committed 2496K, reserved 1048576K
}
Event: 10.242 GC heap before
{Heap before GC invocations=5 (full 0):
 garbage-first heap   total 129024K, used 23237K [0x0000000082000000, 0x0000000100000000)
  region size 1024K, 8 young (8192K), 5 survivors (5120K)
 Metaspace       used 21281K, committed 21504K, reserved 1114112K
  class space    used 2512K, committed 2624K, reserved 1048576K
}
Event: 10.252 GC heap after
{Heap after GC invocations=6 (full 0):
 garbage-first heap   total 129024K, used 20907K [0x0000000082000000, 0x0000000100000000)
  region size 1024K, 7 young (7168K), 7 survivors (7168K)
 Metaspace       used 21281K, committed 21504K, reserved 1114112K
  class space    used 2512K, committed 2624K, reserved 1048576K
}
Event: 11.458 GC heap before
{Heap before GC invocations=7 (full 0):
 garbage-first heap   total 75776K, used 50603K [0x0000000082000000, 0x0000000100000000)
  region size 1024K, 36 young (36864K), 7 survivors (7168K)
 Metaspace       used 25673K, committed 25984K, reserved 1114112K
  class space    used 2988K, committed 3136K, reserved 1048576K
}
Event: 11.488 GC heap after
{Heap after GC invocations=8 (full 0):
 garbage-first heap   total 75776K, used 31765K [0x0000000082000000, 0x0000000100000000)
  region size 1024K, 6 young (6144K), 6 survivors (6144K)
 Metaspace       used 25673K, committed 25984K, reserved 1114112K
  class space    used 2988K, committed 3136K, reserved 1048576K
}
Event: 11.548 GC heap before
{Heap before GC invocations=8 (full 0):
 garbage-first heap   total 75776K, used 32789K [0x0000000082000000, 0x0000000100000000)
  region size 1024K, 7 young (7168K), 6 survivors (6144K)
 Metaspace       used 25725K, committed 26048K, reserved 1114112K
  class space    used 2996K, committed 3136K, reserved 1048576K
}
Event: 11.563 GC heap after
{Heap after GC invocations=9 (full 0):
 garbage-first heap   total 75776K, used 33280K [0x0000000082000000, 0x0000000100000000)
  region size 1024K, 1 young (1024K), 1 survivors (1024K)
 Metaspace       used 25725K, committed 26048K, reserved 1114112K
  class space    used 2996K, committed 3136K, reserved 1048576K
}
Event: 12.158 GC heap before
{Heap before GC invocations=9 (full 0):
 garbage-first heap   total 75776K, used 48640K [0x0000000082000000, 0x0000000100000000)
  region size 1024K, 16 young (16384K), 1 survivors (1024K)
 Metaspace       used 26222K, committed 26496K, reserved 1114112K
  class space    used 3034K, committed 3136K, reserved 1048576K
}
Event: 12.172 GC heap after
{Heap after GC invocations=10 (full 0):
 garbage-first heap   total 75776K, used 35840K [0x0000000082000000, 0x0000000100000000)
  region size 1024K, 2 young (2048K), 2 survivors (2048K)
 Metaspace       used 26222K, committed 26496K, reserved 1114112K
  class space    used 3034K, committed 3136K, reserved 1048576K
}
Event: 12.915 GC heap before
{Heap before GC invocations=11 (full 0):
 garbage-first heap   total 75776K, used 52224K [0x0000000082000000, 0x0000000100000000)
  region size 1024K, 18 young (18432K), 2 survivors (2048K)
 Metaspace       used 26514K, committed 26816K, reserved 1114112K
  class space    used 3054K, committed 3200K, reserved 1048576K
}
Event: 12.932 GC heap after
{Heap after GC invocations=12 (full 0):
 garbage-first heap   total 75776K, used 39072K [0x0000000082000000, 0x0000000100000000)
  region size 1024K, 3 young (3072K), 3 survivors (3072K)
 Metaspace       used 26514K, committed 26816K, reserved 1114112K
  class space    used 3054K, committed 3200K, reserved 1048576K
}
Event: 14.055 GC heap before
{Heap before GC invocations=12 (full 0):
 garbage-first heap   total 75776K, used 52384K [0x0000000082000000, 0x0000000100000000)
  region size 1024K, 17 young (17408K), 3 survivors (3072K)
 Metaspace       used 27428K, committed 27712K, reserved 1114112K
  class space    used 3134K, committed 3264K, reserved 1048576K
}
Event: 14.072 GC heap after
{Heap after GC invocations=13 (full 0):
 garbage-first heap   total 132096K, used 41166K [0x0000000082000000, 0x0000000100000000)
  region size 1024K, 2 young (2048K), 2 survivors (2048K)
 Metaspace       used 27428K, committed 27712K, reserved 1114112K
  class space    used 3134K, committed 3264K, reserved 1048576K
}
Event: 16.995 GC heap before
{Heap before GC invocations=14 (full 0):
 garbage-first heap   total 132096K, used 85198K [0x0000000082000000, 0x0000000100000000)
  region size 1024K, 46 young (47104K), 2 survivors (2048K)
 Metaspace       used 29119K, committed 29440K, reserved 1114112K
  class space    used 3341K, committed 3456K, reserved 1048576K
}
Event: 17.004 GC heap after
{Heap after GC invocations=15 (full 0):
 garbage-first heap   total 132096K, used 42095K [0x0000000082000000, 0x0000000100000000)
  region size 1024K, 3 young (3072K), 3 survivors (3072K)
 Metaspace       used 29119K, committed 29440K, reserved 1114112K
  class space    used 3341K, committed 3456K, reserved 1048576K
}
Event: 21.443 GC heap before
{Heap before GC invocations=15 (full 0):
 garbage-first heap   total 132096K, used 90223K [0x0000000082000000, 0x0000000100000000)
  region size 1024K, 50 young (51200K), 3 survivors (3072K)
 Metaspace       used 30299K, committed 30592K, reserved 1114112K
  class space    used 3479K, committed 3584K, reserved 1048576K
}
Event: 21.457 GC heap after
{Heap after GC invocations=16 (full 0):
 garbage-first heap   total 132096K, used 43388K [0x0000000082000000, 0x0000000100000000)
  region size 1024K, 5 young (5120K), 5 survivors (5120K)
 Metaspace       used 30299K, committed 30592K, reserved 1114112K
  class space    used 3479K, committed 3584K, reserved 1048576K
}

Deoptimization events (20 events):
Event: 21.429 Thread 0x000002224e58e000 Uncommon trap: trap_request=0xffffffde fr.pc=0x000002225fe040b4 relative=0x0000000000000b14
Event: 21.429 Thread 0x000002224e58e000 Uncommon trap: reason=class_check action=maybe_recompile pc=0x000002225fe040b4 method=com.sun.tools.javac.code.Types$12.visitClassType(Lcom/sun/tools/javac/code/Type$ClassType;Lcom/sun/tools/javac/code/Symbol;)Lcom/sun/tools/javac/code/Type; @ 133 c2
Event: 21.429 Thread 0x000002224e58e000 DEOPT PACKING pc=0x000002225fe040b4 sp=0x0000006b2f6fb4c0
Event: 21.429 Thread 0x000002224e58e000 DEOPT UNPACKING pc=0x000002225f4c23a3 sp=0x0000006b2f6fb3d8 mode 2
Event: 21.436 Thread 0x000002224e58e000 Uncommon trap: trap_request=0xffffff45 fr.pc=0x000002225fe04208 relative=0x0000000000000c68
Event: 21.436 Thread 0x000002224e58e000 Uncommon trap: reason=unstable_if action=reinterpret pc=0x000002225fe04208 method=com.sun.tools.javac.code.Types$12.visitClassType(Lcom/sun/tools/javac/code/Type$ClassType;Lcom/sun/tools/javac/code/Symbol;)Lcom/sun/tools/javac/code/Type; @ 165 c2
Event: 21.436 Thread 0x000002224e58e000 DEOPT PACKING pc=0x000002225fe04208 sp=0x0000006b2f6fae00
Event: 21.436 Thread 0x000002224e58e000 DEOPT UNPACKING pc=0x000002225f4c23a3 sp=0x0000006b2f6fad18 mode 2
Event: 21.437 Thread 0x000002224e58e000 Uncommon trap: trap_request=0xffffff45 fr.pc=0x000002225fe065b8 relative=0x0000000000000c18
Event: 21.437 Thread 0x000002224e58e000 Uncommon trap: reason=unstable_if action=reinterpret pc=0x000002225fe065b8 method=com.sun.tools.javac.code.Types$12.visitClassType(Lcom/sun/tools/javac/code/Type$ClassType;Lcom/sun/tools/javac/code/Symbol;)Lcom/sun/tools/javac/code/Type; @ 165 c2
Event: 21.437 Thread 0x000002224e58e000 DEOPT PACKING pc=0x000002225fe065b8 sp=0x0000006b2f6faf50
Event: 21.437 Thread 0x000002224e58e000 DEOPT UNPACKING pc=0x000002225f4c23a3 sp=0x0000006b2f6faef0 mode 2
Event: 21.472 Thread 0x000002224e58e000 Uncommon trap: trap_request=0xffffffc6 fr.pc=0x000002225fdb2b44 relative=0x0000000000000424
Event: 21.472 Thread 0x000002224e58e000 Uncommon trap: reason=bimorphic_or_optimized_type_check action=maybe_recompile pc=0x000002225fdb2b44 method=com.sun.tools.javac.comp.Attr.selectSym(Lcom/sun/tools/javac/tree/JCTree$JCFieldAccess;Lcom/sun/tools/javac/code/Symbol;Lcom/sun/tools/javac/code/T
Event: 21.472 Thread 0x000002224e58e000 DEOPT PACKING pc=0x000002225fdb2b44 sp=0x0000006b2f6fc1c0
Event: 21.472 Thread 0x000002224e58e000 DEOPT UNPACKING pc=0x000002225f4c23a3 sp=0x0000006b2f6fc188 mode 2
Event: 21.514 Thread 0x000002224e58e000 Uncommon trap: trap_request=0xffffff45 fr.pc=0x000002225fd0f7d8 relative=0x0000000000003938
Event: 21.514 Thread 0x000002224e58e000 Uncommon trap: reason=unstable_if action=reinterpret pc=0x000002225fd0f7d8 method=com.sun.tools.javac.jvm.PoolReader.resolve(Lcom/sun/tools/javac/util/ByteBuffer;II)Ljava/lang/Object; @ 1 c2
Event: 21.514 Thread 0x000002224e58e000 DEOPT PACKING pc=0x000002225fd0f7d8 sp=0x0000006b2f6fb3f0
Event: 21.515 Thread 0x000002224e58e000 DEOPT UNPACKING pc=0x000002225f4c23a3 sp=0x0000006b2f6fb410 mode 2

Classes unloaded (0 events):
No events

Classes redefined (0 events):
No events

Internal exceptions (20 events):
Event: 20.224 Thread 0x000002224e58e000 Exception <a 'sun/nio/fs/WindowsException'{0x0000000087c92990}> (0x0000000087c92990) 
thrown [s\open\src\hotspot\share\prims\jni.cpp, line 516]
Event: 20.224 Thread 0x000002224e58e000 Exception <a 'sun/nio/fs/WindowsException'{0x0000000087c92dc8}> (0x0000000087c92dc8) 
thrown [s\open\src\hotspot\share\prims\jni.cpp, line 516]
Event: 20.224 Thread 0x000002224e58e000 Exception <a 'sun/nio/fs/WindowsException'{0x0000000087c93e78}> (0x0000000087c93e78) 
thrown [s\open\src\hotspot\share\prims\jni.cpp, line 516]
Event: 20.225 Thread 0x000002224e58e000 Exception <a 'sun/nio/fs/WindowsException'{0x0000000087c94230}> (0x0000000087c94230) 
thrown [s\open\src\hotspot\share\prims\jni.cpp, line 516]
Event: 20.738 Thread 0x000002224e58e000 Exception <a 'sun/nio/fs/WindowsException'{0x00000000876ac018}> (0x00000000876ac018) 
thrown [s\open\src\hotspot\share\prims\jni.cpp, line 516]
Event: 20.739 Thread 0x000002224e58e000 Exception <a 'sun/nio/fs/WindowsException'{0x00000000876ac418}> (0x00000000876ac418) 
thrown [s\open\src\hotspot\share\prims\jni.cpp, line 516]
Event: 20.740 Thread 0x000002224e58e000 Exception <a 'sun/nio/fs/WindowsException'{0x00000000876bf4b8}> (0x00000000876bf4b8) 
thrown [s\open\src\hotspot\share\prims\jni.cpp, line 516]
Event: 20.740 Thread 0x000002224e58e000 Exception <a 'sun/nio/fs/WindowsException'{0x00000000876bf868}> (0x00000000876bf868) 
thrown [s\open\src\hotspot\share\prims\jni.cpp, line 516]
Event: 20.745 Thread 0x000002224e58e000 Exception <a 'sun/nio/fs/WindowsException'{0x00000000875023b8}> (0x00000000875023b8) 
thrown [s\open\src\hotspot\share\prims\jni.cpp, line 516]
Event: 20.745 Thread 0x000002224e58e000 Exception <a 'sun/nio/fs/WindowsException'{0x00000000875027a8}> (0x00000000875027a8) 
thrown [s\open\src\hotspot\share\prims\jni.cpp, line 516]
Event: 20.745 Thread 0x000002224e58e000 Exception <a 'sun/nio/fs/WindowsException'{0x0000000087504298}> (0x0000000087504298) 
thrown [s\open\src\hotspot\share\prims\jni.cpp, line 516]
Event: 20.745 Thread 0x000002224e58e000 Exception <a 'sun/nio/fs/WindowsException'{0x0000000087504718}> (0x0000000087504718) 
thrown [s\open\src\hotspot\share\prims\jni.cpp, line 516]
Event: 20.860 Thread 0x000002224e58e000 Exception <a 'java/lang/NoSuchMethodError'{0x00000000875b1da0}: 'int java.lang.invoke.DirectMethodHandle$Holder.invokeVirtual(java.lang.Object, java.lang.Object, java.lang.Object, java.lang.Object)'> (0x00000000875b1da0) 
thrown [s\open\src\hotspot\share\interpreter\linkResolver.cpp, line 759]
Event: 20.868 Thread 0x000002224e58e000 Exception <a 'java/lang/NoSuchMethodError'{0x00000000875bd2e0}: 'java.lang.Object java.lang.invoke.DirectMethodHandle$Holder.newInvokeSpecial(java.lang.Object, java.lang.Object, int, java.lang.Object)'> (0x00000000875bd2e0) 
thrown [s\open\src\hotspot\share\interpreter\linkResolver.cpp, line 759]
Event: 20.871 Thread 0x000002224e58e000 Exception <a 'java/lang/NoSuchMethodError'{0x00000000875c1c10}: 'java.lang.Object java.lang.invoke.DirectMethodHandle$Holder.invokeSpecial(java.lang.Object, java.lang.Object, java.lang.Object, int, java.lang.Object)'> (0x00000000875c1c10) 
thrown [s\open\src\hotspot\share\interpreter\linkResolver.cpp, line 759]
Event: 21.295 Thread 0x000002224e58e000 Exception <a 'sun/nio/fs/WindowsException'{0x0000000087130c28}> (0x0000000087130c28) 
thrown [s\open\src\hotspot\share\prims\jni.cpp, line 516]
Event: 21.301 Thread 0x000002224e58e000 Exception <a 'sun/nio/fs/WindowsException'{0x0000000087148338}> (0x0000000087148338) 
thrown [s\open\src\hotspot\share\prims\jni.cpp, line 516]
Event: 21.310 Thread 0x000002224e58e000 Exception <a 'sun/nio/fs/WindowsException'{0x000000008715fc38}> (0x000000008715fc38) 
thrown [s\open\src\hotspot\share\prims\jni.cpp, line 516]
Event: 21.436 Thread 0x000002224e58e000 Implicit null exception at 0x000002225fe039dc to 0x000002225fe041f0
Event: 21.437 Thread 0x000002224e58e000 Implicit null exception at 0x000002225fe05dfc to 0x000002225fe065a0

VM Operations (20 events):
Event: 19.897 Executing VM operation: HandshakeAllThreads
Event: 19.898 Executing VM operation: HandshakeAllThreads done
Event: 20.199 Executing VM operation: ICBufferFull
Event: 20.199 Executing VM operation: ICBufferFull done
Event: 20.771 Executing VM operation: HandshakeAllThreads
Event: 20.771 Executing VM operation: HandshakeAllThreads done
Event: 20.776 Executing VM operation: HandshakeAllThreads
Event: 20.776 Executing VM operation: HandshakeAllThreads done
Event: 20.795 Executing VM operation: HandshakeAllThreads
Event: 20.795 Executing VM operation: HandshakeAllThreads done
Event: 20.848 Executing VM operation: HandshakeAllThreads
Event: 20.848 Executing VM operation: HandshakeAllThreads done
Event: 21.293 Executing VM operation: HandshakeAllThreads
Event: 21.293 Executing VM operation: HandshakeAllThreads done
Event: 21.293 Executing VM operation: Cleanup
Event: 21.293 Executing VM operation: Cleanup done
Event: 21.323 Executing VM operation: HandshakeAllThreads
Event: 21.323 Executing VM operation: HandshakeAllThreads done
Event: 21.443 Executing VM operation: G1CollectForAllocation
Event: 21.457 Executing VM operation: G1CollectForAllocation done

Events (20 events):
Event: 18.999 Thread 0x0000022274936140 Thread added: 0x0000022274936140
Event: 19.770 Thread 0x0000022274936140 Thread exited: 0x0000022274936140
Event: 19.906 Thread 0x000002226df22b60 flushing nmethod 0x00000222583e3590
Event: 19.906 Thread 0x000002226df22b60 flushing nmethod 0x0000022258430890
Event: 19.907 Thread 0x000002226df22b60 flushing nmethod 0x0000022258502d10
Event: 19.913 Thread 0x000002226df22b60 flushing nmethod 0x0000022258924790
Event: 19.914 Thread 0x000002226df22b60 flushing nmethod 0x00000222589ca790
Event: 20.570 Thread 0x0000022275510010 Thread added: 0x0000022275510010
Event: 20.942 loading class java/util/EnumMap$EntrySet
Event: 20.942 loading class java/util/EnumMap$EntrySet done
Event: 20.942 loading class java/util/EnumMap$EntryIterator
Event: 20.942 loading class java/util/EnumMap$EnumMapIterator
Event: 20.942 loading class java/util/EnumMap$EnumMapIterator done
Event: 20.942 loading class java/util/EnumMap$EntryIterator done
Event: 20.942 loading class java/util/EnumMap$EntryIterator$Entry
Event: 20.943 loading class java/util/EnumMap$EntryIterator$Entry done
Event: 21.137 Thread 0x0000022275510010 Thread exited: 0x0000022275510010
Event: 21.152 loading class java/util/function/ToIntBiFunction
Event: 21.152 loading class java/util/function/ToIntBiFunction done
Event: 21.420 Thread 0x0000022275510010 Thread added: 0x0000022275510010


Dynamic libraries:
0x00007ff7512a0000 - 0x00007ff7512b0000 	C:\Program Files\Java\jdk-17\bin\java.exe
0x00007ff82bbb0000 - 0x00007ff82bda8000 	C:\WINDOWS\SYSTEM32\ntdll.dll
0x00007ff82a0b0000 - 0x00007ff82a172000 	C:\WINDOWS\System32\KERNEL32.DLL
0x00007ff829570000 - 0x00007ff829866000 	C:\WINDOWS\System32\KERNELBASE.dll
0x00007ff829a80000 - 0x00007ff829b80000 	C:\WINDOWS\System32\ucrtbase.dll
0x00007ff81ee30000 - 0x00007ff81ee49000 	C:\Program Files\Java\jdk-17\bin\jli.dll
0x00007ff82b200000 - 0x00007ff82b2b1000 	C:\WINDOWS\System32\ADVAPI32.dll
0x00007ff82b2c0000 - 0x00007ff82b35e000 	C:\WINDOWS\System32\msvcrt.dll
0x00007ff82bad0000 - 0x00007ff82bb6f000 	C:\WINDOWS\System32\sechost.dll
0x00007ff82a560000 - 0x00007ff82a680000 	C:\WINDOWS\System32\RPCRT4.dll
0x00007ff829a50000 - 0x00007ff829a77000 	C:\WINDOWS\System32\bcrypt.dll
0x00007ff82a850000 - 0x00007ff82a9f1000 	C:\WINDOWS\System32\USER32.dll
0x00007ff829870000 - 0x00007ff829892000 	C:\WINDOWS\System32\win32u.dll
0x00007ff82a4d0000 - 0x00007ff82a4fb000 	C:\WINDOWS\System32\GDI32.dll
0x00007ff8298a0000 - 0x00007ff8299b9000 	C:\WINDOWS\System32\gdi32full.dll
0x00007ff829450000 - 0x00007ff8294ed000 	C:\WINDOWS\System32\msvcp_win.dll
0x00007ff81dbb0000 - 0x00007ff81dbcb000 	C:\Program Files\Java\jdk-17\bin\VCRUNTIME140.dll
0x00007ff81e140000 - 0x00007ff81e3db000 	C:\WINDOWS\WinSxS\amd64_microsoft.windows.common-controls_6595b64144ccf1df_6.0.19041.6456_none_60b8a6cb71f64256\COMCTL32.dll
0x00007ff81a6f0000 - 0x00007ff81a6fa000 	C:\WINDOWS\SYSTEM32\VERSION.dll
0x00007ff829bd0000 - 0x00007ff829bff000 	C:\WINDOWS\System32\IMM32.DLL
0x00007ff825970000 - 0x00007ff82597c000 	C:\Program Files\Java\jdk-17\bin\vcruntime140_1.dll
0x00007ff81db20000 - 0x00007ff81dbae000 	C:\Program Files\Java\jdk-17\bin\msvcp140.dll
0x00007fffca760000 - 0x00007fffcb340000 	C:\Program Files\Java\jdk-17\bin\server\jvm.dll
0x00007ff82b060000 - 0x00007ff82b068000 	C:\WINDOWS\System32\PSAPI.DLL
0x00007ff825830000 - 0x00007ff825839000 	C:\WINDOWS\SYSTEM32\WSOCK32.dll
0x00007ff82a7e0000 - 0x00007ff82a84b000 	C:\WINDOWS\System32\WS2_32.dll
0x00007ff823b90000 - 0x00007ff823bb7000 	C:\WINDOWS\SYSTEM32\WINMM.dll
0x00007ff827070000 - 0x00007ff827082000 	C:\WINDOWS\SYSTEM32\kernel.appcore.dll
0x00007ff81db10000 - 0x00007ff81db1a000 	C:\Program Files\Java\jdk-17\bin\jimage.dll
0x00007ff819760000 - 0x00007ff819961000 	C:\WINDOWS\SYSTEM32\DBGHELP.DLL
0x00007ff816ec0000 - 0x00007ff816ef4000 	C:\WINDOWS\SYSTEM32\dbgcore.DLL
0x00007ff8299c0000 - 0x00007ff829a42000 	C:\WINDOWS\System32\bcryptPrimitives.dll
0x00007ff81dad0000 - 0x00007ff81daf5000 	C:\Program Files\Java\jdk-17\bin\java.dll
0x00007ff800390000 - 0x00007ff800467000 	C:\Program Files\Java\jdk-17\bin\jsvml.dll
0x00007ff82b360000 - 0x00007ff82bad0000 	C:\WINDOWS\System32\SHELL32.dll
0x00007ff827270000 - 0x00007ff827a15000 	C:\WINDOWS\SYSTEM32\windows.storage.dll
0x00007ff829c00000 - 0x00007ff829f54000 	C:\WINDOWS\System32\combase.dll
0x00007ff828b90000 - 0x00007ff828bbb000 	C:\WINDOWS\SYSTEM32\Wldp.dll
0x00007ff82b120000 - 0x00007ff82b1ed000 	C:\WINDOWS\System32\OLEAUT32.dll
0x00007ff82a180000 - 0x00007ff82a22d000 	C:\WINDOWS\System32\SHCORE.dll
0x00007ff82b000000 - 0x00007ff82b05b000 	C:\WINDOWS\System32\shlwapi.dll
0x00007ff829170000 - 0x00007ff829194000 	C:\WINDOWS\SYSTEM32\profapi.dll
0x00007ff81da90000 - 0x00007ff81daa9000 	C:\Program Files\Java\jdk-17\bin\net.dll
0x00007ff820560000 - 0x00007ff82066a000 	C:\WINDOWS\SYSTEM32\WINHTTP.dll
0x00007ff828970000 - 0x00007ff8289da000 	C:\WINDOWS\system32\mswsock.dll
0x00007ff81d5a0000 - 0x00007ff81d5b6000 	C:\Program Files\Java\jdk-17\bin\nio.dll
0x00007ff81dab0000 - 0x00007ff81dac8000 	C:\Program Files\Java\jdk-17\bin\zip.dll
0x00007ff81d9f0000 - 0x00007ff81da14000 	C:\Users\Rog\Desktop\Maven\apache-maven-3.9.9\lib\jansi-native\Windows\x86_64\jansi.dll
0x00007ff81da80000 - 0x00007ff81da90000 	C:\Program Files\Java\jdk-17\bin\verify.dll

dbghelp: loaded successfully - version: 4.0.5 - missing functions: none
symbol engine: initialized successfully - sym options: 0x614 - pdb path: .;C:\Program Files\Java\jdk-17\bin;C:\WINDOWS\SYSTEM32;C:\WINDOWS\WinSxS\amd64_microsoft.windows.common-controls_6595b64144ccf1df_6.0.19041.6456_none_60b8a6cb71f64256;C:\Program Files\Java\jdk-17\bin\server;C:\Users\Rog\Desktop\Maven\apache-maven-3.9.9\lib\jansi-native\Windows\x86_64

VM Arguments:
jvm_args: -Dclassworlds.conf=C:\Users\Rog\Desktop\Maven\apache-maven-3.9.9\bin\m2.conf -Dmaven.home=C:\Users\Rog\Desktop\Maven\apache-maven-3.9.9 -Dlibrary.jansi.path=C:\Users\Rog\Desktop\Maven\apache-maven-3.9.9\lib\jansi-native -Dmaven.multiModuleProjectDirectory=C:\Users\Rog\Desktop\Projet-geoinfo\Projet\gestion-dossier\backend\fichier 
java_command: org.codehaus.plexus.classworlds.launcher.Launcher spring-boot:run
java_class_path (initial): C:\Users\Rog\Desktop\Maven\apache-maven-3.9.9\boot\plexus-classworlds-2.8.0.jar
Launcher Type: SUN_STANDARD

[Global flags]
     intx CICompilerCount                          = 3                                         {product} {ergonomic}
     uint ConcGCThreads                            = 1                                         {product} {ergonomic}
     uint G1ConcRefinementThreads                  = 4                                         {product} {ergonomic}
   size_t G1HeapRegionSize                         = 1048576                                   {product} {ergonomic}
    uintx GCDrainStackTargetSize                   = 64                                        {product} {ergonomic}
   size_t InitialHeapSize                          = 132120576                                 {product} {ergonomic}
   size_t MarkStackSize                            = 4194304                                   {product} {ergonomic}
   size_t MaxHeapSize                              = 2113929216                                {product} {ergonomic}
   size_t MaxNewSize                               = 1267728384                                {product} {ergonomic}
   size_t MinHeapDeltaBytes                        = 1048576                                   {product} {ergonomic}
   size_t MinHeapSize                              = 8388608                                   {product} {ergonomic}
    uintx NonNMethodCodeHeapSize                   = 5832780                                {pd product} {ergonomic}
    uintx NonProfiledCodeHeapSize                  = 122912730                              {pd product} {ergonomic}
    uintx ProfiledCodeHeapSize                     = 122912730                              {pd product} {ergonomic}
    uintx ReservedCodeCacheSize                    = 251658240                              {pd product} {ergonomic}
     bool SegmentedCodeCache                       = true                                      {product} {ergonomic}
   size_t SoftMaxHeapSize                          = 2113929216                             {manageable} {ergonomic}
     bool UseCompressedClassPointers               = true                           {product lp64_product} {ergonomic}
     bool UseCompressedOops                        = true                           {product lp64_product} {ergonomic}
     bool UseG1GC                                  = true                                      {product} {ergonomic}
     bool UseLargePagesIndividualAllocation        = false                                  {pd product} {ergonomic}

Logging:
Log output configuration:
 #0: stdout all=warning uptime,level,tags
 #1: stderr all=off uptime,level,tags

Environment Variables:
JAVA_HOME=C:\Program Files\Java\jdk-17
PATH=C:\Users\Rog\Desktop\Oracle\bin;C:\Program Files\Common Files\Oracle\Java\javapath;C:\WINDOWS\system32;C:\WINDOWS;C:\WINDOWS\System32\Wbem;C:\WINDOWS\System32\WindowsPowerShell\v1.0\;C:\WINDOWS\System32\OpenSSH\;C:\Program Files (x86)\Windows Kits\10\Windows Performance Toolkit\;C:\Program Files\dotnet\;C:\Program Files\Git\cmd;c:\Users\Rog\AppData\Local\Programs\cursor\resources\app\bin;C:\Users\Rog\AppData\Roaming\nvm;C:\nvm4w\nodejs;C:\Users\Rog\AppData\Local\Programs\Microsoft VS Code\bin;C:\Users\Rog\Desktop\Maven\apache-maven-3.9.9\bin;C:\Users\Rog\AppData\Roaming\npm;C:\Program Files\php;C:\Users\Rog\AppData\Roaming\npm;C:\Windows\System32;C:\Program Files\MySQL\MySQL Server 8.0\bin;C:\Users\Rog\AppData\Local\Programs\cursor\resources\app\bin;C:\Program Files\Java\jdk-17\bin;C:\nvm4w\nodejs;C:\Users\Rog\AppData\Roaming\nvm;C:\Program Files\OpenSSL-Win64\bin;C:\Users\Rog\AppData\Roaming\nvm\v20.16.0;C:\Users\Rog\Desktop\flutter\flutter\bin;c:\Users\Rog\.cursor\extensions\vscjava.vscode-java-debug-0.58.3-universal\bundled\scripts\noConfigScripts
USERNAME=Rog
LANG=en_US.UTF-8
OS=Windows_NT
PROCESSOR_IDENTIFIER=Intel64 Family 6 Model 58 Stepping 9, GenuineIntel



---------------  S Y S T E M  ---------------

OS:
 Windows 10 , 64 bit Build 19041 (10.0.19041.5915)
OS uptime: 13 days 8:35 hours
Hyper-V role detected

CPU: total 4 (initial active 4) (2 cores per cpu, 2 threads per core) family 6 model 58 stepping 9 microcode 0x21, cx8, cmov, fxsr, ht, mmx, sse, sse2, sse3, ssse3, sse4.1, sse4.2, popcnt, tsc, tscinvbit, avx, aes, erms, clmul, vzeroupper, clflush, hv

Memory: 4k page, system-wide physical 8063M (997M free)
TotalPageFile size 13857M (AvailPageFile size 7M)
current process WorkingSet (physical memory assigned to process): 245M, peak: 264M
current process commit charge ("private bytes"): 279M, peak: 309M

vm_info: Java HotSpot(TM) 64-Bit Server VM (17.0.12+8-LTS-286) for windows-amd64 JRE (17.0.12+8-LTS-286), built on Jun  5 2024 06:46:59 by "mach5one" with MS VC++ 17.6 (VS2022)

END.
